Parametri di ingresso k=7 d=3 path=input_data_d=3_n=10000.txt
Tempo inizio algoritmo: 1593706958.5988533
----------------------------
Error:3.5701498541398653
----------------------------
----------------------------
Error:0.24642211090907623
----------------------------
----------------------------
Error:0.18098295724292535
----------------------------
----------------------------
Error:0.16613786370710146
----------------------------
----------------------------
Error:0.09134735390980014
----------------------------
----------------------------
Error:0.054465870593650115
----------------------------
----------------------------
Error:0.03188910625682449
----------------------------
----------------------------
Error:0.014220159744941611
----------------------------
----------------------------
Error:0.0066625495706212
----------------------------
----------------------------
Error:0.0033846637365174542
----------------------------
----------------------------
Error:0.001547109084626952
----------------------------
----------------------------
Error:0.0007804046145106865
----------------------------
----------------------------
Error:0.0005346890613464126
----------------------------
----------------------------
Error:0.00040651077593591
----------------------------
----------------------------
Error:0.00043518705939594825
----------------------------
----------------------------
Error:0.00042554142447719464
----------------------------
----------------------------
Error:0.00032651463820533035
----------------------------
----------------------------
Error:0.0001630889534917712
----------------------------
----------------------------
Error:0.00012777252290676092
----------------------------
----------------------------
Error:0.00014091781544401353
----------------------------
----------------------------
Error:0.00011776476498173348
----------------------------
----------------------------
Error:0.00016260780240299778
----------------------------
----------------------------
Error:0.00011898289315322859
----------------------------
----------------------------
Error:0.00011160197121694625
----------------------------
----------------------------
Error:8.517019355825708e-05
----------------------------
----------------------------
Error:8.789316987427348e-05
----------------------------
----------------------------
Error:3.666415520687521e-05
----------------------------
----------------------------
Error:5.2842405442742496e-05
----------------------------
----------------------------
Error:6.579697320424184e-05
----------------------------
----------------------------
Error:5.6590521940101835e-05
----------------------------
----------------------------
Error:6.043316898755025e-05
----------------------------
----------------------------
Error:0.00012102734699513101
----------------------------
----------------------------
Error:0.00011940308657489677
----------------------------
----------------------------
Error:0.00010021917243020215
----------------------------
----------------------------
Error:0.0001289666115603854
----------------------------
----------------------------
Error:9.48159573625742e-05
----------------------------
----------------------------
Error:0.00011780814647760944
----------------------------
----------------------------
Error:5.7529679137330815e-05
----------------------------
----------------------------
Error:0.00010917491711408987
----------------------------
----------------------------
Error:0.00010102521189326024
----------------------------
----------------------------
Error:8.994103591588923e-05
----------------------------
----------------------------
Error:8.06119451899911e-05
----------------------------
----------------------------
Error:5.255662702486743e-05
----------------------------
----------------------------
Error:5.2196488439388144e-05
----------------------------
----------------------------
Error:3.8666056628775e-05
----------------------------
----------------------------
Error:4.719161269455498e-05
----------------------------
----------------------------
Error:2.3696231410632503e-05
----------------------------
----------------------------
Error:3.660816641559958e-05
----------------------------
----------------------------
Error:4.428881896988298e-05
----------------------------
----------------------------
Error:7.663753157966461e-05
----------------------------
----------------------------
Error:8.067140379633463e-05
----------------------------
----------------------------
Error:0.00015697231047797088
----------------------------
----------------------------
Error:6.361866951027105e-05
----------------------------
----------------------------
Error:9.83320282482967e-05
----------------------------
----------------------------
Error:0.00011867071704766143
----------------------------
----------------------------
Error:5.866422008121512e-05
----------------------------
----------------------------
Error:7.732648763104306e-05
----------------------------
----------------------------
Error:8.878379610520612e-05
----------------------------
----------------------------
Error:4.09077744841699e-05
----------------------------
----------------------------
Error:3.11693811772677e-05
----------------------------
----------------------------
Error:5.223549862315114e-05
----------------------------
----------------------------
Error:8.209928494907375e-05
----------------------------
----------------------------
Error:9.2160157606289e-05
----------------------------
----------------------------
Error:9.523782871096951e-05
----------------------------
----------------------------
Error:6.812660704515853e-05
----------------------------
----------------------------
Error:5.249394882819573e-05
----------------------------
----------------------------
Error:5.3999709916186874e-05
----------------------------
----------------------------
Error:5.198327700867702e-05
----------------------------
----------------------------
Error:5.584158959475463e-05
----------------------------
----------------------------
Error:4.550650721849043e-05
----------------------------
----------------------------
Error:3.936396184438878e-05
----------------------------
----------------------------
Error:2.345342272317852e-05
----------------------------
----------------------------
Error:2.9160020725498424e-05
----------------------------
----------------------------
Error:1.2420097059848275e-05
----------------------------
----------------------------
Error:1.303800695578347e-05
----------------------------
----------------------------
Error:3.824682743446901e-06
----------------------------
----------------------------
Error:1.3217110671140013e-05
----------------------------
----------------------------
Error:7.37882764660653e-06
----------------------------
----------------------------
Error:9.407122888037836e-07
----------------------------
----------------------------
Error:1.878861048910038e-06
----------------------------
----------------------------
Error:0.0
----------------------------
Tempo fine algoritmo: 1593706984.2164674
Numero iterazioni: 81
Durata algoritmo: 25.617614030838013
