Parametri di ingresso k=13 d=3 path=input_data_d=3_n=10000.txt
Tempo inizio algoritmo: 1593707238.2784996
----------------------------
Error:1.1700335906582444
----------------------------
----------------------------
Error:0.1974568807067815
----------------------------
----------------------------
Error:0.06957229122791708
----------------------------
----------------------------
Error:0.037552513482170195
----------------------------
----------------------------
Error:0.016601389088274337
----------------------------
----------------------------
Error:0.009208910554901065
----------------------------
----------------------------
Error:0.007137745273502581
----------------------------
----------------------------
Error:0.00662221131581889
----------------------------
----------------------------
Error:0.007618425693077437
----------------------------
----------------------------
Error:0.004457366193172345
----------------------------
----------------------------
Error:0.0029809781847521455
----------------------------
----------------------------
Error:0.0028482850109259454
----------------------------
----------------------------
Error:0.0038668101645065412
----------------------------
----------------------------
Error:0.0032492975940955713
----------------------------
----------------------------
Error:0.00400107898834686
----------------------------
----------------------------
Error:0.0075256085263062855
----------------------------
----------------------------
Error:0.009279574251391337
----------------------------
----------------------------
Error:0.01120046758152545
----------------------------
----------------------------
Error:0.006154911930301816
----------------------------
----------------------------
Error:0.004878749546995566
----------------------------
----------------------------
Error:0.0028453256449347823
----------------------------
----------------------------
Error:0.0019304510738989199
----------------------------
----------------------------
Error:0.0012153600274374529
----------------------------
----------------------------
Error:0.0006608601861286284
----------------------------
----------------------------
Error:0.0005734692031890214
----------------------------
----------------------------
Error:0.00031078759248009036
----------------------------
----------------------------
Error:0.00041437940045837006
----------------------------
----------------------------
Error:0.0002768703795201864
----------------------------
----------------------------
Error:0.0003481881713277692
----------------------------
----------------------------
Error:0.00035326052126874273
----------------------------
----------------------------
Error:0.00031384069562248585
----------------------------
----------------------------
Error:0.00038641462501329044
----------------------------
----------------------------
Error:0.0001799457918655591
----------------------------
----------------------------
Error:0.0002282280756333773
----------------------------
----------------------------
Error:0.00020651713907303773
----------------------------
----------------------------
Error:0.00012780749960461887
----------------------------
----------------------------
Error:8.286018482128531e-05
----------------------------
----------------------------
Error:7.29545425540169e-05
----------------------------
----------------------------
Error:0.00012403596335878585
----------------------------
----------------------------
Error:0.0001458811856705125
----------------------------
----------------------------
Error:7.697660705406288e-05
----------------------------
----------------------------
Error:4.6462542477923046e-05
----------------------------
----------------------------
Error:4.0524388890002354e-05
----------------------------
----------------------------
Error:2.500938745288054e-05
----------------------------
----------------------------
Error:1.5953645461498074e-05
----------------------------
----------------------------
Error:1.4506139824329918e-06
----------------------------
----------------------------
Error:1.3292694459527119e-06
----------------------------
----------------------------
Error:0.0
----------------------------
Tempo fine algoritmo: 1593707280.6470237
Numero iterazioni: 48
Durata algoritmo: 42.36852407455444
