Parametri di ingresso k=7 d=3 path=input_data_d=3_n=1000.txt
Tempo inizio algoritmo: 1593706912.968866
----------------------------
Error:2.168655318155625
----------------------------
----------------------------
Error:0.22826804170513995
----------------------------
----------------------------
Error:0.06973075628232205
----------------------------
----------------------------
Error:0.09772083218049504
----------------------------
----------------------------
Error:0.07469157582378436
----------------------------
----------------------------
Error:0.028126836678872835
----------------------------
----------------------------
Error:0.013036467211023623
----------------------------
----------------------------
Error:0.0018355561968749143
----------------------------
----------------------------
Error:0.0005236885547181842
----------------------------
----------------------------
Error:0.0004478866619812578
----------------------------
----------------------------
Error:0.0015855238533903039
----------------------------
----------------------------
Error:0.002826143016730787
----------------------------
----------------------------
Error:0.0034786498320010214
----------------------------
----------------------------
Error:0.004243721040486928
----------------------------
----------------------------
Error:0.004138593052155653
----------------------------
----------------------------
Error:0.0022936060265082154
----------------------------
----------------------------
Error:0.0036640137688160376
----------------------------
----------------------------
Error:0.008754171471418399
----------------------------
----------------------------
Error:0.003701392740171147
----------------------------
----------------------------
Error:0.0018116221704300383
----------------------------
----------------------------
Error:0.0015348429913981053
----------------------------
----------------------------
Error:0.003985051319407467
----------------------------
----------------------------
Error:0.004576196590685109
----------------------------
----------------------------
Error:0.003609527754221288
----------------------------
----------------------------
Error:0.0
----------------------------
Tempo fine algoritmo: 1593706927.845363
Numero iterazioni: 25
Durata algoritmo: 14.8764967918396
