Parametri di ingresso k=13 d=3 path=input_data_d=3_n=100000.txt
Tempo inizio algoritmo: 1593707315.8311498
----------------------------
Error:1.5385800533052636
----------------------------
----------------------------
Error:0.1989846512213157
----------------------------
----------------------------
Error:0.06738424353238606
----------------------------
----------------------------
Error:0.03989526543911267
----------------------------
----------------------------
Error:0.029918929332364924
----------------------------
----------------------------
Error:0.02139849334801902
----------------------------
----------------------------
Error:0.014588743086837216
----------------------------
----------------------------
Error:0.009310422184568252
----------------------------
----------------------------
Error:0.00624145354952066
----------------------------
----------------------------
Error:0.004253697256852582
----------------------------
----------------------------
Error:0.003019327433115409
----------------------------
----------------------------
Error:0.0020730680445624565
----------------------------
----------------------------
Error:0.0016369601787187956
----------------------------
----------------------------
Error:0.0014337405168654764
----------------------------
----------------------------
Error:0.0014683530457368066
----------------------------
----------------------------
Error:0.001460620634641264
----------------------------
----------------------------
Error:0.0014184962042821316
----------------------------
----------------------------
Error:0.0015666147216395695
----------------------------
----------------------------
Error:0.00178748603925939
----------------------------
----------------------------
Error:0.0018699559691162594
----------------------------
----------------------------
Error:0.0016870603409041753
----------------------------
----------------------------
Error:0.0016003420394620543
----------------------------
----------------------------
Error:0.001788646800343237
----------------------------
----------------------------
Error:0.0016538155852739678
----------------------------
----------------------------
Error:0.0016048785046468637
----------------------------
----------------------------
Error:0.001338749554168882
----------------------------
----------------------------
Error:0.0011604429127845394
----------------------------
----------------------------
Error:0.0009848887534788567
----------------------------
----------------------------
Error:0.0007523460103175759
----------------------------
----------------------------
Error:0.0005429215195839535
----------------------------
----------------------------
Error:0.00040781247436302647
----------------------------
----------------------------
Error:0.0003496090620326421
----------------------------
----------------------------
Error:0.00027851655827265323
----------------------------
----------------------------
Error:0.00020563456345625803
----------------------------
----------------------------
Error:0.00015388839349736807
----------------------------
----------------------------
Error:0.00012397601891035544
----------------------------
----------------------------
Error:0.0001189251908526113
----------------------------
----------------------------
Error:9.753711080967902e-05
----------------------------
----------------------------
Error:5.663917905936698e-05
----------------------------
----------------------------
Error:3.847859875971997e-05
----------------------------
----------------------------
Error:3.381851279794086e-05
----------------------------
----------------------------
Error:4.044512857975666e-05
----------------------------
----------------------------
Error:2.9832171132467526e-05
----------------------------
----------------------------
Error:2.338147902160972e-05
----------------------------
----------------------------
Error:2.3722618042408776e-05
----------------------------
----------------------------
Error:1.917386840167669e-05
----------------------------
----------------------------
Error:1.0623127554720072e-05
----------------------------
----------------------------
Error:5.322204696262845e-06
----------------------------
----------------------------
Error:5.494698715991465e-06
----------------------------
----------------------------
Error:6.135780820408453e-06
----------------------------
----------------------------
Error:8.33874221454795e-06
----------------------------
----------------------------
Error:4.8904642323784415e-06
----------------------------
----------------------------
Error:2.8459524339401092e-06
----------------------------
----------------------------
Error:2.5124696600271323e-06
----------------------------
----------------------------
Error:1.8733285255754746e-06
----------------------------
----------------------------
Error:1.0736489101703846e-06
----------------------------
----------------------------
Error:8.495872802352428e-07
----------------------------
----------------------------
Error:1.695230305406266e-06
----------------------------
----------------------------
Error:9.460014409731919e-07
----------------------------
----------------------------
Error:1.0647512093339392e-06
----------------------------
----------------------------
Error:8.800030543219404e-07
----------------------------
----------------------------
Error:7.43764881993936e-07
----------------------------
----------------------------
Error:3.625268991081569e-07
----------------------------
----------------------------
Error:6.926854323524391e-08
----------------------------
----------------------------
Error:2.6403921235705586e-08
----------------------------
----------------------------
Error:1.6333288140132966e-08
----------------------------
----------------------------
Error:1.7114333490891827e-08
----------------------------
----------------------------
Error:0.0
----------------------------
Tempo fine algoritmo: 1593707510.1058486
Numero iterazioni: 68
Durata algoritmo: 194.27469873428345
