Parametri di ingresso k=13 d=3 path=input_data_d=3_n=1000.txt
Tempo inizio algoritmo: 1593707187.9246244
----------------------------
Error:1.3621750562831056
----------------------------
----------------------------
Error:0.2813128469095789
----------------------------
----------------------------
Error:0.0969844348242567
----------------------------
----------------------------
Error:0.08542723524856399
----------------------------
----------------------------
Error:0.06635116835762887
----------------------------
----------------------------
Error:0.02688542618555956
----------------------------
----------------------------
Error:0.01302775917517803
----------------------------
----------------------------
Error:0.017965192382006022
----------------------------
----------------------------
Error:0.017826086694556795
----------------------------
----------------------------
Error:0.011227733916758447
----------------------------
----------------------------
Error:0.007207492668513223
----------------------------
----------------------------
Error:0.0031415466111947813
----------------------------
----------------------------
Error:0.007616362830490213
----------------------------
----------------------------
Error:0.0017638704251439882
----------------------------
----------------------------
Error:0.0007755418280154833
----------------------------
----------------------------
Error:0.0011101129918063232
----------------------------
----------------------------
Error:0.0004664714912887453
----------------------------
----------------------------
Error:0.0
----------------------------
Tempo fine algoritmo: 1593707201.9472525
Numero iterazioni: 18
Durata algoritmo: 14.02262806892395
