Parametri di ingresso k=7 d=3 path=input_data_d=3_n=100000.txt
Tempo inizio algoritmo: 1593707006.751366
----------------------------
Error:2.7824785568814256
----------------------------
----------------------------
Error:0.19178251571392413
----------------------------
----------------------------
Error:0.02752318961838778
----------------------------
----------------------------
Error:0.012055968683416563
----------------------------
----------------------------
Error:0.01423699929853942
----------------------------
----------------------------
Error:0.026669779823832132
----------------------------
----------------------------
Error:0.03655632588639178
----------------------------
----------------------------
Error:0.03692119154336819
----------------------------
----------------------------
Error:0.02187671126371719
----------------------------
----------------------------
Error:0.010247250955402586
----------------------------
----------------------------
Error:0.004888556457419598
----------------------------
----------------------------
Error:0.002294563772778999
----------------------------
----------------------------
Error:0.0009573267939716075
----------------------------
----------------------------
Error:0.0004485774677789759
----------------------------
----------------------------
Error:0.00020713023488552783
----------------------------
----------------------------
Error:8.016174634914212e-05
----------------------------
----------------------------
Error:3.8816122626126696e-05
----------------------------
----------------------------
Error:2.561208759429152e-05
----------------------------
----------------------------
Error:1.5407287135681602e-05
----------------------------
----------------------------
Error:1.004038984420571e-05
----------------------------
----------------------------
Error:5.922184919795052e-06
----------------------------
----------------------------
Error:7.444690694375123e-06
----------------------------
----------------------------
Error:1.0278145288254579e-05
----------------------------
----------------------------
Error:8.09417622552841e-06
----------------------------
----------------------------
Error:6.008760820927365e-06
----------------------------
----------------------------
Error:5.641012253126726e-06
----------------------------
----------------------------
Error:4.268271247249233e-06
----------------------------
----------------------------
Error:3.266887761019379e-06
----------------------------
----------------------------
Error:2.104344216656817e-06
----------------------------
----------------------------
Error:1.8841439293845537e-06
----------------------------
----------------------------
Error:1.9110019728113826e-06
----------------------------
----------------------------
Error:1.1187342034597687e-06
----------------------------
----------------------------
Error:1.249846549710517e-06
----------------------------
----------------------------
Error:6.50174779059572e-07
----------------------------
----------------------------
Error:6.522847058623258e-07
----------------------------
----------------------------
Error:1.0489344244279257e-06
----------------------------
----------------------------
Error:1.5955609102682986e-06
----------------------------
----------------------------
Error:1.0889939855180985e-06
----------------------------
----------------------------
Error:9.427600753773954e-07
----------------------------
----------------------------
Error:9.093568873161209e-07
----------------------------
----------------------------
Error:8.489618055546571e-07
----------------------------
----------------------------
Error:1.2506968547772037e-06
----------------------------
----------------------------
Error:1.4494443913304771e-06
----------------------------
----------------------------
Error:1.24088707906163e-06
----------------------------
----------------------------
Error:1.528664130828143e-06
----------------------------
----------------------------
Error:2.691285017136779e-06
----------------------------
----------------------------
Error:3.250823092729636e-06
----------------------------
----------------------------
Error:2.0405228138898003e-06
----------------------------
----------------------------
Error:1.0982211070813191e-06
----------------------------
----------------------------
Error:1.1664551439090055e-06
----------------------------
----------------------------
Error:1.872702589870087e-06
----------------------------
----------------------------
Error:1.991319473977442e-06
----------------------------
----------------------------
Error:3.2244213735177903e-06
----------------------------
----------------------------
Error:2.3165390343044784e-06
----------------------------
----------------------------
Error:3.142662712202279e-06
----------------------------
----------------------------
Error:2.8926999222334967e-06
----------------------------
----------------------------
Error:2.698243619352191e-06
----------------------------
----------------------------
Error:2.8787222038921055e-06
----------------------------
----------------------------
Error:4.080181366685447e-06
----------------------------
----------------------------
Error:4.037100000077887e-06
----------------------------
----------------------------
Error:5.990620073809318e-06
----------------------------
----------------------------
Error:5.814415482901672e-06
----------------------------
----------------------------
Error:3.082659854532377e-06
----------------------------
----------------------------
Error:2.0742164505595433e-06
----------------------------
----------------------------
Error:9.988694102175986e-07
----------------------------
----------------------------
Error:7.58312895177711e-07
----------------------------
----------------------------
Error:6.06371884836357e-07
----------------------------
----------------------------
Error:6.206757521448054e-07
----------------------------
----------------------------
Error:3.4604286565947853e-07
----------------------------
----------------------------
Error:4.2124795317102075e-07
----------------------------
----------------------------
Error:3.9304055432950887e-07
----------------------------
----------------------------
Error:7.968356915109354e-08
----------------------------
----------------------------
Error:1.079524197716742e-07
----------------------------
----------------------------
Error:2.2283229182733166e-08
----------------------------
----------------------------
Error:1.8463232343354965e-08
----------------------------
----------------------------
Error:4.435336168090048e-09
----------------------------
----------------------------
Error:0.0
----------------------------
Tempo fine algoritmo: 1593707150.734014
Numero iterazioni: 77
Durata algoritmo: 143.98264813423157
