Parametri di ingresso k=7 d=7 path=input_data_d=7_n=1000.txt
Tempo inizio algoritmo: 1593707545.9778867
----------------------------
Error:4.858007489246858
----------------------------
----------------------------
Error:0.3494465350439839
----------------------------
----------------------------
Error:0.11830414012806036
----------------------------
----------------------------
Error:0.06652259919199206
----------------------------
----------------------------
Error:0.022901997887994737
----------------------------
----------------------------
Error:0.01667559996100892
----------------------------
----------------------------
Error:0.012555801050224878
----------------------------
----------------------------
Error:0.007281548689480504
----------------------------
----------------------------
Error:0.006306023568900209
----------------------------
----------------------------
Error:0.004067352849680748
----------------------------
----------------------------
Error:0.0010634163666003802
----------------------------
----------------------------
Error:0.002932561091283993
----------------------------
----------------------------
Error:0.001082869271958814
----------------------------
----------------------------
Error:0.0005270118236277238
----------------------------
----------------------------
Error:0.0008584176645224645
----------------------------
----------------------------
Error:0.0014984282541253247
----------------------------
----------------------------
Error:0.0015208637974204401
----------------------------
----------------------------
Error:0.0009674901483412669
----------------------------
----------------------------
Error:0.002607654623059991
----------------------------
----------------------------
Error:0.004909006423614469
----------------------------
----------------------------
Error:0.003669995836443245
----------------------------
----------------------------
Error:0.001889897590259349
----------------------------
----------------------------
Error:0.004245499054176894
----------------------------
----------------------------
Error:0.004763872340998843
----------------------------
----------------------------
Error:0.004600134146192182
----------------------------
----------------------------
Error:0.007291705435371375
----------------------------
----------------------------
Error:0.011273483940499691
----------------------------
----------------------------
Error:0.013067754078417523
----------------------------
----------------------------
Error:0.010677762639114751
----------------------------
----------------------------
Error:0.014785934201232802
----------------------------
----------------------------
Error:0.01240586688651206
----------------------------
----------------------------
Error:0.0105643436243928
----------------------------
----------------------------
Error:0.008734446482733728
----------------------------
----------------------------
Error:0.0036261973063616993
----------------------------
----------------------------
Error:0.002172666063096496
----------------------------
----------------------------
Error:0.0011870289243804514
----------------------------
----------------------------
Error:0.0001821994722778303
----------------------------
----------------------------
Error:0.0
----------------------------
Tempo fine algoritmo: 1593707565.1163528
Numero iterazioni: 38
Durata algoritmo: 19.138466119766235
