Parametri di ingresso k=13 d=7 path=input_data_d=7_n=1000.txt
Tempo inizio algoritmo: 1593709815.026963
----------------------------
Error:3.135171896356848
----------------------------
----------------------------
Error:0.5151370170647349
----------------------------
----------------------------
Error:0.17978031921007448
----------------------------
----------------------------
Error:0.11917138164148855
----------------------------
----------------------------
Error:0.10405139831472998
----------------------------
----------------------------
Error:0.061955642040759255
----------------------------
----------------------------
Error:0.0234600313711994
----------------------------
----------------------------
Error:0.019780658750188838
----------------------------
----------------------------
Error:0.02394599820670048
----------------------------
----------------------------
Error:0.016744376686623545
----------------------------
----------------------------
Error:0.013871801062618053
----------------------------
----------------------------
Error:0.014474308994146265
----------------------------
----------------------------
Error:0.014563832968400204
----------------------------
----------------------------
Error:0.01704475832678724
----------------------------
----------------------------
Error:0.01951769580987196
----------------------------
----------------------------
Error:0.010348107234216768
----------------------------
----------------------------
Error:0.019717890671304902
----------------------------
----------------------------
Error:0.017600174270757652
----------------------------
----------------------------
Error:0.0050540877369296905
----------------------------
----------------------------
Error:0.005082357785200162
----------------------------
----------------------------
Error:0.006603838521296205
----------------------------
----------------------------
Error:0.006057034180429591
----------------------------
----------------------------
Error:0.006120550091910753
----------------------------
----------------------------
Error:0.0023577488536609846
----------------------------
----------------------------
Error:0.0
----------------------------
Tempo fine algoritmo: 1593709826.0736206
Numero iterazioni: 25
Durata algoritmo: 11.04665756225586
