Parametri di ingresso k=13 d=7 path=input_data_d=7_n=100000.txt
Tempo inizio algoritmo: 1593709906.9033408
----------------------------
Error:4.52204543880076
----------------------------
----------------------------
Error:0.2826145166065985
----------------------------
----------------------------
Error:0.09221526062609901
----------------------------
----------------------------
Error:0.04651033364557809
----------------------------
----------------------------
Error:0.03137454651438781
----------------------------
----------------------------
Error:0.024944092077793727
----------------------------
----------------------------
Error:0.022732750171002507
----------------------------
----------------------------
Error:0.019911674579239938
----------------------------
----------------------------
Error:0.01769593460590358
----------------------------
----------------------------
Error:0.016910211910497533
----------------------------
----------------------------
Error:0.014502881355382156
----------------------------
----------------------------
Error:0.01357462077747766
----------------------------
----------------------------
Error:0.012488774979608023
----------------------------
----------------------------
Error:0.01132844293039463
----------------------------
----------------------------
Error:0.010424870524477495
----------------------------
----------------------------
Error:0.00919098759830385
----------------------------
----------------------------
Error:0.00751642497053481
----------------------------
----------------------------
Error:0.005739832233510482
----------------------------
----------------------------
Error:0.004895155715831172
----------------------------
----------------------------
Error:0.003817664013027629
----------------------------
----------------------------
Error:0.0028181555685982624
----------------------------
----------------------------
Error:0.0018546648335884524
----------------------------
----------------------------
Error:0.0016099504401447856
----------------------------
----------------------------
Error:0.0011396762165627066
----------------------------
----------------------------
Error:0.000992678519326685
----------------------------
----------------------------
Error:0.0007797989565327542
----------------------------
----------------------------
Error:0.0006102445305944171
----------------------------
----------------------------
Error:0.0004990865344711461
----------------------------
----------------------------
Error:0.0004950055731675868
----------------------------
----------------------------
Error:0.0005458768105330653
----------------------------
----------------------------
Error:0.00046308183334645224
----------------------------
----------------------------
Error:0.0004979250606870002
----------------------------
----------------------------
Error:0.0004584370584493874
----------------------------
----------------------------
Error:0.0004273158180807269
----------------------------
----------------------------
Error:0.0004635435027737124
----------------------------
----------------------------
Error:0.000406569728889701
----------------------------
----------------------------
Error:0.0003367013772677766
----------------------------
----------------------------
Error:0.0003150576518097646
----------------------------
----------------------------
Error:0.0002696275460186364
----------------------------
----------------------------
Error:0.00025270774268709527
----------------------------
----------------------------
Error:0.00021896807638966995
----------------------------
----------------------------
Error:0.00022569719507258714
----------------------------
----------------------------
Error:0.00022912296113797542
----------------------------
----------------------------
Error:0.00025833873023054464
----------------------------
----------------------------
Error:0.00027968585650996305
----------------------------
----------------------------
Error:0.00029624879121256334
----------------------------
----------------------------
Error:0.0002434927383185957
----------------------------
----------------------------
Error:0.00019032276985349225
----------------------------
----------------------------
Error:0.00013598658837128826
----------------------------
----------------------------
Error:0.00012804908606394257
----------------------------
----------------------------
Error:0.0001136239290267137
----------------------------
----------------------------
Error:0.00012060171666445558
----------------------------
----------------------------
Error:0.00011366310411497411
----------------------------
----------------------------
Error:0.00010482952618360264
----------------------------
----------------------------
Error:0.00010287694043250182
----------------------------
----------------------------
Error:8.651171805669421e-05
----------------------------
----------------------------
Error:7.431547471123225e-05
----------------------------
----------------------------
Error:4.8093846578339645e-05
----------------------------
----------------------------
Error:6.520372217185475e-05
----------------------------
----------------------------
Error:6.551682810501733e-05
----------------------------
----------------------------
Error:5.332212114448883e-05
----------------------------
----------------------------
Error:6.197302780100653e-05
----------------------------
----------------------------
Error:6.285333196675056e-05
----------------------------
----------------------------
Error:6.570464434117587e-05
----------------------------
----------------------------
Error:7.123831823425233e-05
----------------------------
----------------------------
Error:5.5274250241594996e-05
----------------------------
----------------------------
Error:5.7090014141268184e-05
----------------------------
----------------------------
Error:4.465932625526932e-05
----------------------------
----------------------------
Error:5.045027155198767e-05
----------------------------
----------------------------
Error:3.932509855276962e-05
----------------------------
----------------------------
Error:5.181042078588664e-05
----------------------------
----------------------------
Error:4.8510530750144275e-05
----------------------------
----------------------------
Error:4.9714572750801395e-05
----------------------------
----------------------------
Error:6.169417888812801e-05
----------------------------
----------------------------
Error:6.625149440947611e-05
----------------------------
----------------------------
Error:7.863407447500524e-05
----------------------------
----------------------------
Error:5.8431788725112264e-05
----------------------------
----------------------------
Error:6.19137018614026e-05
----------------------------
----------------------------
Error:6.017434739314501e-05
----------------------------
----------------------------
Error:5.6507403878518174e-05
----------------------------
----------------------------
Error:6.744258598888428e-05
----------------------------
----------------------------
Error:7.347216037933952e-05
----------------------------
----------------------------
Error:7.73709120461948e-05
----------------------------
----------------------------
Error:6.22908436701588e-05
----------------------------
----------------------------
Error:7.178871627048045e-05
----------------------------
----------------------------
Error:6.167287032848714e-05
----------------------------
----------------------------
Error:8.67506957960712e-05
----------------------------
----------------------------
Error:7.272289483208245e-05
----------------------------
----------------------------
Error:6.54262928490708e-05
----------------------------
----------------------------
Error:6.0213436810283346e-05
----------------------------
----------------------------
Error:5.693690207831458e-05
----------------------------
----------------------------
Error:8.580574465566503e-05
----------------------------
----------------------------
Error:9.579306099104398e-05
----------------------------
----------------------------
Error:8.358406517411382e-05
----------------------------
----------------------------
Error:8.453869692617211e-05
----------------------------
----------------------------
Error:7.128851333171572e-05
----------------------------
----------------------------
Error:8.199194355028593e-05
----------------------------
----------------------------
Error:0.00012045450216771896
----------------------------
----------------------------
Error:0.00010072205460358224
----------------------------
----------------------------
Error:0.00010903545486268757
----------------------------
Tempo fine algoritmo: 1593710312.6099944
Numero iterazioni: 100
Durata algoritmo: 405.7066535949707
