Parametri di ingresso k=7 d=7 path=input_data_d=7_n=100000.txt
Tempo inizio algoritmo: 1593709541.0132115
----------------------------
Error:2.9562781776567992
----------------------------
----------------------------
Error:0.26162452850192364
----------------------------
----------------------------
Error:0.06852409072135489
----------------------------
----------------------------
Error:0.027479594421334748
----------------------------
----------------------------
Error:0.017789837605378837
----------------------------
----------------------------
Error:0.014001324626391908
----------------------------
----------------------------
Error:0.011452209826180242
----------------------------
----------------------------
Error:0.008237765511246949
----------------------------
----------------------------
Error:0.0052129513243880845
----------------------------
----------------------------
Error:0.0035035077154879925
----------------------------
----------------------------
Error:0.0026812313955431465
----------------------------
----------------------------
Error:0.0022826873479353344
----------------------------
----------------------------
Error:0.0018067948434111966
----------------------------
----------------------------
Error:0.001541225078413927
----------------------------
----------------------------
Error:0.0012942431872472139
----------------------------
----------------------------
Error:0.0011402279446060468
----------------------------
----------------------------
Error:0.0009708383129312236
----------------------------
----------------------------
Error:0.0008637801356813622
----------------------------
----------------------------
Error:0.0007060010348339521
----------------------------
----------------------------
Error:0.0006253624186850084
----------------------------
----------------------------
Error:0.00046109294758458585
----------------------------
----------------------------
Error:0.0003314526257775789
----------------------------
----------------------------
Error:0.00037590158158277585
----------------------------
----------------------------
Error:0.0003113918921883761
----------------------------
----------------------------
Error:0.00022168839784324047
----------------------------
----------------------------
Error:0.0001835218282174323
----------------------------
----------------------------
Error:0.00015023549346838126
----------------------------
----------------------------
Error:0.00014890233817182333
----------------------------
----------------------------
Error:0.00012366606615010807
----------------------------
----------------------------
Error:0.0001414421460564655
----------------------------
----------------------------
Error:0.00010500101676827242
----------------------------
----------------------------
Error:9.412032163370434e-05
----------------------------
----------------------------
Error:7.229019017488178e-05
----------------------------
----------------------------
Error:7.402845993051912e-05
----------------------------
----------------------------
Error:7.010302554847871e-05
----------------------------
----------------------------
Error:9.542986813940804e-05
----------------------------
----------------------------
Error:0.00011018872733484464
----------------------------
----------------------------
Error:0.00010481376098894718
----------------------------
----------------------------
Error:0.00011297738601555418
----------------------------
----------------------------
Error:0.00012425094211453424
----------------------------
----------------------------
Error:9.313095359474466e-05
----------------------------
----------------------------
Error:9.494263000601772e-05
----------------------------
----------------------------
Error:9.106524693291233e-05
----------------------------
----------------------------
Error:9.345359204001378e-05
----------------------------
----------------------------
Error:9.011915842694076e-05
----------------------------
----------------------------
Error:0.00010325811771825404
----------------------------
----------------------------
Error:9.557016808776525e-05
----------------------------
----------------------------
Error:0.00011509038982566232
----------------------------
----------------------------
Error:0.00010929925638205766
----------------------------
----------------------------
Error:0.00010912862387401265
----------------------------
----------------------------
Error:8.601801048039067e-05
----------------------------
----------------------------
Error:9.721386170428284e-05
----------------------------
----------------------------
Error:9.59089984589377e-05
----------------------------
----------------------------
Error:9.783142686493521e-05
----------------------------
----------------------------
Error:8.049506189145628e-05
----------------------------
----------------------------
Error:7.811221809678671e-05
----------------------------
----------------------------
Error:8.36020036445391e-05
----------------------------
----------------------------
Error:9.12923658144407e-05
----------------------------
----------------------------
Error:0.00010430334062317556
----------------------------
----------------------------
Error:0.0001289398234164745
----------------------------
----------------------------
Error:0.00013668992847906875
----------------------------
----------------------------
Error:0.0001845786260682507
----------------------------
----------------------------
Error:0.00016452780685389165
----------------------------
----------------------------
Error:0.00019602915408989543
----------------------------
----------------------------
Error:0.00019309171866055657
----------------------------
----------------------------
Error:0.0001689359783194203
----------------------------
----------------------------
Error:0.00015398835699394168
----------------------------
----------------------------
Error:0.00015345943899709244
----------------------------
----------------------------
Error:0.0001383068419252634
----------------------------
----------------------------
Error:0.00013998540813954004
----------------------------
----------------------------
Error:0.00012089349301034698
----------------------------
----------------------------
Error:0.00011764233820094096
----------------------------
----------------------------
Error:0.00012650325789150202
----------------------------
----------------------------
Error:0.00012251168986101974
----------------------------
----------------------------
Error:9.984596388380843e-05
----------------------------
----------------------------
Error:9.53035268454587e-05
----------------------------
----------------------------
Error:0.00010071937668688796
----------------------------
----------------------------
Error:9.616610415146565e-05
----------------------------
----------------------------
Error:7.549479153805559e-05
----------------------------
----------------------------
Error:8.102374024956688e-05
----------------------------
----------------------------
Error:8.489645149590972e-05
----------------------------
----------------------------
Error:9.229962502687413e-05
----------------------------
----------------------------
Error:8.816165289175104e-05
----------------------------
----------------------------
Error:8.33681876222839e-05
----------------------------
----------------------------
Error:8.762406727723e-05
----------------------------
----------------------------
Error:9.863691404848383e-05
----------------------------
----------------------------
Error:7.871590743564734e-05
----------------------------
----------------------------
Error:0.00011204371912113011
----------------------------
----------------------------
Error:0.00011293671039254159
----------------------------
----------------------------
Error:0.0001225507842100328
----------------------------
----------------------------
Error:9.936238634758077e-05
----------------------------
----------------------------
Error:9.390695436491573e-05
----------------------------
----------------------------
Error:0.0001060402776876695
----------------------------
----------------------------
Error:0.00013362688907779207
----------------------------
----------------------------
Error:0.00016277544141265956
----------------------------
----------------------------
Error:0.00015986425320316808
----------------------------
----------------------------
Error:0.00014966225664384946
----------------------------
----------------------------
Error:0.00013017426839640874
----------------------------
----------------------------
Error:9.622958758117194e-05
----------------------------
----------------------------
Error:9.833996776268894e-05
----------------------------
Tempo fine algoritmo: 1593709793.5532682
Numero iterazioni: 100
Durata algoritmo: 252.54005670547485
