Parametri di ingresso k=7 d=7 path=input_data_d=7_n=10000.txt
Tempo inizio algoritmo: 1593707600.0888803
----------------------------
Error:6.568480170333932
----------------------------
----------------------------
Error:0.2117858317686937
----------------------------
----------------------------
Error:0.06220266406266403
----------------------------
----------------------------
Error:0.02685009257709429
----------------------------
----------------------------
Error:0.016928260347499727
----------------------------
----------------------------
Error:0.011321701842124228
----------------------------
----------------------------
Error:0.007051816908346158
----------------------------
----------------------------
Error:0.0067635730648401855
----------------------------
----------------------------
Error:0.005751996985987989
----------------------------
----------------------------
Error:0.005556662968616975
----------------------------
----------------------------
Error:0.0053079541917077176
----------------------------
----------------------------
Error:0.004321110610295288
----------------------------
----------------------------
Error:0.002709860967595629
----------------------------
----------------------------
Error:0.0035536717569633128
----------------------------
----------------------------
Error:0.002906232225884274
----------------------------
----------------------------
Error:0.0042131423073565825
----------------------------
----------------------------
Error:0.004053975805876924
----------------------------
----------------------------
Error:0.003508095093171268
----------------------------
----------------------------
Error:0.0026725288406034635
----------------------------
----------------------------
Error:0.0018346113932219406
----------------------------
----------------------------
Error:0.002037697416014396
----------------------------
----------------------------
Error:0.0016192759685055382
----------------------------
----------------------------
Error:0.0015203117773973107
----------------------------
----------------------------
Error:0.0011347266382535034
----------------------------
----------------------------
Error:0.0009579427750580847
----------------------------
----------------------------
Error:0.0012892608286934764
----------------------------
----------------------------
Error:0.0011608609181470051
----------------------------
----------------------------
Error:0.0015695325129948924
----------------------------
----------------------------
Error:0.0017863387241755357
----------------------------
----------------------------
Error:0.0019523003673075745
----------------------------
----------------------------
Error:0.002387671041105879
----------------------------
----------------------------
Error:0.0031334620347816234
----------------------------
----------------------------
Error:0.004489748375130019
----------------------------
----------------------------
Error:0.0031848302555326762
----------------------------
----------------------------
Error:0.003300998665891424
----------------------------
----------------------------
Error:0.0034792841087415666
----------------------------
----------------------------
Error:0.004421215058020959
----------------------------
----------------------------
Error:0.003507295696200009
----------------------------
----------------------------
Error:0.0025439179558324056
----------------------------
----------------------------
Error:0.002094146502191719
----------------------------
----------------------------
Error:0.001899939201717226
----------------------------
----------------------------
Error:0.001875627745812665
----------------------------
----------------------------
Error:0.0010055753072006962
----------------------------
----------------------------
Error:0.0010050720179834887
----------------------------
----------------------------
Error:0.000992358792709193
----------------------------
----------------------------
Error:0.0008877301535892777
----------------------------
----------------------------
Error:0.0008372836847419754
----------------------------
----------------------------
Error:0.000597271658973075
----------------------------
----------------------------
Error:0.0005494104781977676
----------------------------
----------------------------
Error:0.0006181886687445228
----------------------------
----------------------------
Error:0.0003568665785616328
----------------------------
----------------------------
Error:0.00027861607528459445
----------------------------
----------------------------
Error:0.0003934869906462648
----------------------------
----------------------------
Error:0.0002511433429437173
----------------------------
----------------------------
Error:0.00022709150364559307
----------------------------
----------------------------
Error:0.0001411668926300584
----------------------------
----------------------------
Error:6.721932318352583e-05
----------------------------
----------------------------
Error:6.447881020250058e-05
----------------------------
----------------------------
Error:5.378332307494863e-05
----------------------------
----------------------------
Error:8.919443238983599e-05
----------------------------
----------------------------
Error:6.166983077786464e-05
----------------------------
----------------------------
Error:5.011928061442842e-05
----------------------------
----------------------------
Error:8.626644740145152e-05
----------------------------
----------------------------
Error:6.28027505705571e-05
----------------------------
----------------------------
Error:0.00014210368970731907
----------------------------
----------------------------
Error:5.944085443440197e-05
----------------------------
----------------------------
Error:3.8945399210286045e-05
----------------------------
----------------------------
Error:3.188793410025902e-05
----------------------------
----------------------------
Error:3.069474379042995e-05
----------------------------
----------------------------
Error:4.31740969941957e-05
----------------------------
----------------------------
Error:4.1776844412161804e-05
----------------------------
----------------------------
Error:2.099576322360218e-05
----------------------------
----------------------------
Error:9.942853323378923e-06
----------------------------
----------------------------
Error:1.4591450061323927e-06
----------------------------
----------------------------
Error:0.0
----------------------------
Tempo fine algoritmo: 1593707648.1741133
Numero iterazioni: 75
Durata algoritmo: 48.085232973098755
