Parametri di ingresso k=13 d=7 path=input_data_d=7_n=10000.txt
Tempo inizio algoritmo: 1593709848.3023088
----------------------------
Error:3.1971733623214993
----------------------------
----------------------------
Error:0.2960199538827986
----------------------------
----------------------------
Error:0.12468439145437486
----------------------------
----------------------------
Error:0.07137774044393799
----------------------------
----------------------------
Error:0.04388353941959178
----------------------------
----------------------------
Error:0.03304959600980316
----------------------------
----------------------------
Error:0.02185647777235917
----------------------------
----------------------------
Error:0.0187134152857346
----------------------------
----------------------------
Error:0.013985347489598336
----------------------------
----------------------------
Error:0.014662276506659858
----------------------------
----------------------------
Error:0.016298150571042554
----------------------------
----------------------------
Error:0.02051496254301853
----------------------------
----------------------------
Error:0.019885163233998488
----------------------------
----------------------------
Error:0.01806871457327075
----------------------------
----------------------------
Error:0.01356254547811478
----------------------------
----------------------------
Error:0.012598841830984326
----------------------------
----------------------------
Error:0.007847265764568038
----------------------------
----------------------------
Error:0.006937213901577953
----------------------------
----------------------------
Error:0.006077756211021334
----------------------------
----------------------------
Error:0.005980356076339366
----------------------------
----------------------------
Error:0.005867649194044769
----------------------------
----------------------------
Error:0.005360918937788969
----------------------------
----------------------------
Error:0.004819332238825505
----------------------------
----------------------------
Error:0.0036680958443808622
----------------------------
----------------------------
Error:0.0023327977273987625
----------------------------
----------------------------
Error:0.00249458302534102
----------------------------
----------------------------
Error:0.0026948711285677955
----------------------------
----------------------------
Error:0.0026928051372404824
----------------------------
----------------------------
Error:0.001906187160150064
----------------------------
----------------------------
Error:0.002077628625683939
----------------------------
----------------------------
Error:0.0018371571266613755
----------------------------
----------------------------
Error:0.0015356222378543405
----------------------------
----------------------------
Error:0.0020078429455579446
----------------------------
----------------------------
Error:0.0013598652512297783
----------------------------
----------------------------
Error:0.001408417159498538
----------------------------
----------------------------
Error:0.0010740979901117224
----------------------------
----------------------------
Error:0.0009139615659649806
----------------------------
----------------------------
Error:0.000864711148768926
----------------------------
----------------------------
Error:0.000967683159683556
----------------------------
----------------------------
Error:0.0007226091581195348
----------------------------
----------------------------
Error:0.0008319696477086092
----------------------------
----------------------------
Error:0.0008663913533116398
----------------------------
----------------------------
Error:0.0010253278635783774
----------------------------
----------------------------
Error:0.0009136487582510085
----------------------------
----------------------------
Error:0.0009886477379617716
----------------------------
----------------------------
Error:0.0010334747005345702
----------------------------
----------------------------
Error:0.0011562706919658202
----------------------------
----------------------------
Error:0.0010684908307639586
----------------------------
----------------------------
Error:0.0014960283899098379
----------------------------
----------------------------
Error:0.0009466316482421191
----------------------------
----------------------------
Error:0.0007043730413254728
----------------------------
----------------------------
Error:0.0006281347909925776
----------------------------
----------------------------
Error:0.0006491368312253932
----------------------------
----------------------------
Error:0.00044746544358713596
----------------------------
----------------------------
Error:0.0004856378822042278
----------------------------
----------------------------
Error:0.0004692083772190319
----------------------------
----------------------------
Error:0.0006876871796177651
----------------------------
----------------------------
Error:0.0002580264428664394
----------------------------
----------------------------
Error:0.0002979455129670658
----------------------------
----------------------------
Error:0.00026514026558893385
----------------------------
----------------------------
Error:0.00020465715206417754
----------------------------
----------------------------
Error:0.0002184451628570679
----------------------------
----------------------------
Error:0.0001007664506685042
----------------------------
----------------------------
Error:0.0002415243378665088
----------------------------
----------------------------
Error:0.0003598670392791998
----------------------------
----------------------------
Error:0.00022276513344708497
----------------------------
----------------------------
Error:0.0001567155436421666
----------------------------
----------------------------
Error:0.00022141124777920945
----------------------------
----------------------------
Error:0.0002750953471670069
----------------------------
----------------------------
Error:0.00029768829823121907
----------------------------
----------------------------
Error:0.00036888709520217794
----------------------------
----------------------------
Error:0.0006636586999259654
----------------------------
----------------------------
Error:0.0008520707883215397
----------------------------
----------------------------
Error:0.0009782832014948656
----------------------------
----------------------------
Error:0.0006872276980921985
----------------------------
----------------------------
Error:0.0004527839280261711
----------------------------
----------------------------
Error:0.00051725084926701
----------------------------
----------------------------
Error:0.0002250788459104537
----------------------------
----------------------------
Error:0.0001867377720093666
----------------------------
----------------------------
Error:0.00013352219291952756
----------------------------
----------------------------
Error:0.0001392890516348298
----------------------------
----------------------------
Error:0.00011945002412271644
----------------------------
----------------------------
Error:0.00010129810442409842
----------------------------
----------------------------
Error:7.558683180439605e-05
----------------------------
----------------------------
Error:4.593202000567493e-05
----------------------------
----------------------------
Error:8.185786127248084e-05
----------------------------
----------------------------
Error:6.984171774065673e-05
----------------------------
----------------------------
Error:4.261581082894803e-05
----------------------------
----------------------------
Error:3.962870925509631e-05
----------------------------
----------------------------
Error:8.28239278635611e-06
----------------------------
----------------------------
Error:1.3728252341415343e-05
----------------------------
----------------------------
Error:4.573247201555595e-05
----------------------------
----------------------------
Error:1.4986169095617593e-05
----------------------------
----------------------------
Error:5.1964469063890844e-05
----------------------------
----------------------------
Error:1.463754816105101e-05
----------------------------
----------------------------
Error:2.5487851764272702e-05
----------------------------
----------------------------
Error:2.5863333190515376e-05
----------------------------
----------------------------
Error:1.9063842358998218e-05
----------------------------
----------------------------
Error:2.0678916577294607e-05
----------------------------
----------------------------
Error:3.844519016218184e-05
----------------------------
Tempo fine algoritmo: 1593709883.9322276
Numero iterazioni: 100
Durata algoritmo: 35.629918813705444
